<?xml version="1.0" encoding="UTF-8"?>
<!-- Generated by org.testng.reporters.JUnitReportReporter -->
<testsuite skipped="0" hostname="Piyush" name="testcases.LoginTestSeeker" tests="3" failures="0" timestamp="18 Apr 2022 09:44:21 GMT" time="26.073" errors="0">
  <testcase name="test" time="8.161" classname="testcases.LoginTestSeeker"/>
  <testcase name="test" time="8.874" classname="testcases.LoginTestSeeker"/>
  <testcase name="test" time="9.038" classname="testcases.LoginTestSeeker"/>
</testsuite> <!-- testcases.LoginTestSeeker -->
