<?xml version="1.0" encoding="UTF-8"?>
<!-- Generated by org.testng.reporters.JUnitReportReporter -->
<testsuite skipped="0" hostname="Piyush" name="testcases.LoginTestProvider" tests="3" failures="0" timestamp="18 Apr 2022 09:44:21 GMT" time="37.330" errors="0">
  <testcase name="test" time="8.725" classname="testcases.LoginTestProvider"/>
  <testcase name="test" time="7.991" classname="testcases.LoginTestProvider"/>
  <testcase name="test" time="20.614" classname="testcases.LoginTestProvider"/>
</testsuite> <!-- testcases.LoginTestProvider -->
