<?xml version="1.0" encoding="UTF-8"?>
<!-- Generated by org.testng.reporters.JUnitReportReporter -->
<testsuite skipped="0" hostname="Piyush" name="testcases.LoginTestProvider" tests="3" failures="0" timestamp="2022-04-18T15:17:58 IST" time="45.043" errors="0">
  <testcase name="test" time="22.891" classname="testcases.LoginTestProvider"/>
  <system-out/>
  <testcase name="test" time="11.260" classname="testcases.LoginTestProvider"/>
  <system-out/>
  <testcase name="test" time="10.892" classname="testcases.LoginTestProvider"/>
  <system-out/>
</testsuite> <!-- testcases.LoginTestProvider -->
