<?xml version="1.0" encoding="UTF-8"?>
<!-- Generated by org.testng.reporters.JUnitReportReporter -->
<testsuite skipped="0" hostname="Piyush" name="testcases.LoginTestSeeker" tests="3" failures="0" timestamp="2022-04-18T15:17:58 IST" time="26.680" errors="0">
  <testcase name="test" time="9.930" classname="testcases.LoginTestSeeker"/>
  <system-out/>
  <testcase name="test" time="8.426" classname="testcases.LoginTestSeeker"/>
  <system-out/>
  <testcase name="test" time="8.324" classname="testcases.LoginTestSeeker"/>
  <system-out/>
</testsuite> <!-- testcases.LoginTestSeeker -->
